<?xml version="1.0" encoding="UTF-8" ?>
<testsuite tests="1" failures="0" name="com.guru99.testrunner.TestRun" time="17.411" errors="0" skipped="0">
  <properties>
    <property name="JOB_NAME" value="Guru99_V0001_Cucumber"/>
    <property name="java.vendor" value="Oracle Corporation"/>
    <property name="sun.java.launcher" value="SUN_STANDARD"/>
    <property name="RUN_TESTS_DISPLAY_URL" value="http://localhost:8080/job/Guru99_V0001_Cucumber/1/display/redirect?page=tests"/>
    <property name="NUMBER_OF_PROCESSORS" value="8"/>
    <property name="sun.management.compiler" value="HotSpot 64-Bit Tiered Compilers"/>
    <property name="JENKINS_HOME" value="C:\Users\akank\.jenkins"/>
    <property name="HUDSON_SERVER_COOKIE" value="fefc86f532f954ad"/>
    <property name="os.name" value="Windows 10"/>
    <property name="RegionCode" value="EMEA"/>
    <property name="EXECUTOR_NUMBER" value="0"/>
    <property name="sun.desktop" value="windows"/>
    <property name="PATHEXT" value=".COM;.EXE;.BAT;.CMD;.VBS;.VBE;.JS;.JSE;.WSF;.WSH;.MSC"/>
    <property name="java.vm.specification.vendor" value="Oracle Corporation"/>
    <property name="TEMP" value="C:\Users\akank\AppData\Local\Temp"/>
    <property name="NODE_LABELS" value="built-in"/>
    <property name="java.runtime.version" value="11.0.12+8-LTS-237"/>
    <property name="PRUNMGR" value="C:\Program Files\DataStax-DDC\utils\prunmgr.exe"/>
    <property name="PRUNSRV" value="C:\Program Files\DataStax-DDC\utils\prunsrv.exe"/>
    <property name="user.name" value="akank"/>
    <property name="guice.disable.misplaced.annotation.check" value="true"/>
    <property name="CommonProgramW6432" value="C:\Program Files\Common Files"/>
    <property name="ProgramFiles" value="C:\Program Files"/>
    <property name="OnlineServices" value="Online Services"/>
    <property name="PROMPT" value="$P$G"/>
    <property name="user.language" value="en"/>
    <property name="JOB_BASE_NAME" value="Guru99_V0001_Cucumber"/>
    <property name="RUN_CHANGES_DISPLAY_URL" value="http://localhost:8080/job/Guru99_V0001_Cucumber/1/display/redirect?page=changes"/>
    <property name="BUILD_DISPLAY_NAME" value="#1"/>
    <property name="OneDrive" value="C:\Users\akank\OneDrive"/>
    <property name="sun.boot.library.path" value="C:\Users\akank\Downloads\jdk-11.0.12_windows-x64_bin\jdk-11.0.12\bin"/>
    <property name="java.vm.compressedOopsMode" value="Zero based"/>
    <property name="LOCALAPPDATA" value="C:\Users\akank\AppData\Local"/>
    <property name="java.version" value="11.0.12"/>
    <property name="user.timezone" value="Europe/London"/>
    <property name="PROCESSOR_LEVEL" value="6"/>
    <property name="USERNAME" value="akank"/>
    <property name="sun.arch.data.model" value="64"/>
    <property name="NODE_NAME" value="built-in"/>
    <property name="OneDriveConsumer" value="C:\Users\akank\OneDrive"/>
    <property name="BUILD_ID" value="1"/>
    <property name="sun.cpu.isalist" value="amd64"/>
    <property name="sun.jnu.encoding" value="Cp1252"/>
    <property name="maven.conf" value="C:\Users\akank\Downloads\apache-maven-3.8.4-bin\apache-maven-3.8.4\conf"/>
    <property name="HOMEDRIVE" value="C:"/>
    <property name="file.separator" value="\"/>
    <property name="java.specification.name" value="Java Platform API Specification"/>
    <property name="java.class.version" value="55.0"/>
    <property name="=::" value="::\"/>
    <property name="org.slf4j.simpleLogger.defaultLogLevel" value="info"/>
    <property name="user.country" value="GB"/>
    <property name="ALLUSERSPROFILE" value="C:\ProgramData"/>
    <property name="java.home" value="C:\Users\akank\Downloads\jdk-11.0.12_windows-x64_bin\jdk-11.0.12"/>
    <property name="java.vm.info" value="mixed mode"/>
    <property name="os.version" value="10.0"/>
    <property name="platformcode" value="KV"/>
    <property name="RUN_DISPLAY_URL" value="http://localhost:8080/job/Guru99_V0001_Cucumber/1/display/redirect"/>
    <property name="TMP" value="C:\Users\akank\AppData\Local\Temp"/>
    <property name="path.separator" value=";"/>
    <property name="RUN_ARTIFACTS_DISPLAY_URL" value="http://localhost:8080/job/Guru99_V0001_Cucumber/1/display/redirect?page=artifacts"/>
    <property name="java.vm.version" value="11.0.12+8-LTS-237"/>
    <property name="user.variant" value=""/>
    <property name="CommonProgramFiles(x86)" value="C:\Program Files (x86)\Common Files"/>
    <property name="JOB_DISPLAY_URL" value="http://localhost:8080/job/Guru99_V0001_Cucumber/display/redirect"/>
    <property name="USERDOMAIN_ROAMINGPROFILE" value="LAPTOP-P5AND231"/>
    <property name="java.awt.printerjob" value="sun.awt.windows.WPrinterJob"/>
    <property name="CommonProgramFiles" value="C:\Program Files\Common Files"/>
    <property name="sun.io.unicode.encoding" value="UnicodeLittle"/>
    <property name="JAVA_HOME" value="C:\Users\akank\Downloads\jdk-11.0.12_windows-x64_bin\jdk-11.0.12"/>
    <property name="ComSpec" value="C:\windows\system32\cmd.exe"/>
    <property name="HOMEPATH" value="\Users\akank"/>
    <property name="awt.toolkit" value="sun.awt.windows.WToolkit"/>
    <property name="COMPUTERNAME" value="LAPTOP-P5AND231"/>
    <property name="user.script" value=""/>
    <property name="user.home" value="C:\Users\akank"/>
    <property name="PUBLIC" value="C:\Users\Public"/>
    <property name="BUILD_TAG" value="jenkins-Guru99_V0001_Cucumber-1"/>
    <property name="JENKINS_SERVER_COOKIE" value="fefc86f532f954ad"/>
    <property name="HUDSON_URL" value="http://localhost:8080/"/>
    <property name="ProgramData" value="C:\ProgramData"/>
    <property name="java.version.date" value="2021-07-20"/>
    <property name="java.specification.vendor" value="Oracle Corporation"/>
    <property name="USERPROFILE" value="C:\Users\akank"/>
    <property name="CLASSPATH" value=""/>
    <property name="java.library.path" value="C:\Users\akank\Downloads\jdk-11.0.12_windows-x64_bin\jdk-11.0.12\bin;C:\windows\Sun\Java\bin;C:\windows\system32;C:\windows;C:\Users\akank\Downloads\apache-maven-3.8.4-bin\apache-maven-3.8.4\/bin;C:\Users\akank\Downloads\jdk-11.0.12_windows-x64_bin\jdk-11.0.12/bin;C:\Users\akank\Downloads\jdk-11.0.12_windows-x64_bin\jdk-11.0.12/bin;C:\Program Files\Common Files\Oracle\Java\javapath;C:\windows\system32;C:\windows;C:\windows\System32\Wbem;C:\windows\System32\WindowsPowerShell\v1.0\;C:\windows\System32\OpenSSH\;C:\Users\akank\Downloads\apache-maven-3.8.4-bin\apache-maven-3.8.4\\bin;C:\Users\akank\Downloads\jdk-11.0.12_windows-x64_bin\jdk-11.0.12\bin;C:\Program Files\Git\cmd;C:\Users\akank\Downloads\jdk-11.0.12_windows-x64_bin\jdk-11.0.12;C:\Users\akank\Downloads\apache-maven-3.8.4-bin\apache-maven-3.8.4\bin;C:\Users\akank\Downloads\apache-maven-3.8.4-bin\apache-maven-3.8.4\\bin;C:\Users\akank\AppData\Local\Microsoft\WindowsApps;;."/>
    <property name="java.vendor.url" value="https://openjdk.java.net/"/>
    <property name="java.vm.vendor" value="Oracle Corporation"/>
    <property name="APPDATA" value="C:\Users\akank\AppData\Roaming"/>
    <property name="java.runtime.name" value="Java(TM) SE Runtime Environment"/>
    <property name="maven.home" value="C:\Users\akank\Downloads\apache-maven-3.8.4-bin\apache-maven-3.8.4"/>
    <property name="java.class.path" value="C:\Users\akank\.jenkins\plugins\maven-plugin\WEB-INF\lib\maven35-agent-1.13.jar;C:\Users\akank\Downloads\apache-maven-3.8.4-bin\apache-maven-3.8.4\boot\plexus-classworlds-2.6.0.jar;C:\Users\akank\Downloads\apache-maven-3.8.4-bin\apache-maven-3.8.4/conf/logging"/>
    <property name="sun.java.command" value="jenkins.maven3.agent.Maven35Main C:\Users\akank\Downloads\apache-maven-3.8.4-bin\apache-maven-3.8.4\ C:\Users\akank\.jenkins\war\WEB-INF\lib\remoting-4.11.2.jar C:\Users\akank\.jenkins\plugins\maven-plugin\WEB-INF\lib\maven35-interceptor-1.13.jar C:\Users\akank\.jenkins\plugins\maven-plugin\WEB-INF\lib\maven3-interceptor-commons-1.13.jar 49912"/>
    <property name="Path" value="C:\Users\akank\Downloads\jdk-11.0.12_windows-x64_bin\jdk-11.0.12/bin;C:\Program Files\Common Files\Oracle\Java\javapath;C:\windows\system32;C:\windows;C:\windows\System32\Wbem;C:\windows\System32\WindowsPowerShell\v1.0\;C:\windows\System32\OpenSSH\;C:\Users\akank\Downloads\apache-maven-3.8.4-bin\apache-maven-3.8.4\\bin;C:\Users\akank\Downloads\jdk-11.0.12_windows-x64_bin\jdk-11.0.12\bin;C:\Program Files\Git\cmd;C:\Users\akank\Downloads\jdk-11.0.12_windows-x64_bin\jdk-11.0.12;C:\Users\akank\Downloads\apache-maven-3.8.4-bin\apache-maven-3.8.4\bin;C:\Users\akank\Downloads\apache-maven-3.8.4-bin\apache-maven-3.8.4\\bin;C:\Users\akank\AppData\Local\Microsoft\WindowsApps;"/>
    <property name="jdk.debug" value="release"/>
    <property name="PROCESSOR_ARCHITECTURE" value="AMD64"/>
    <property name="java.vm.specification.name" value="Java Virtual Machine Specification"/>
    <property name="jansi.mode" value="strip"/>
    <property name="PATH+JDK" value="C:\Users\akank\Downloads\jdk-11.0.12_windows-x64_bin\jdk-11.0.12/bin"/>
    <property name="SESSIONNAME" value="Console"/>
    <property name="PROCESSOR_IDENTIFIER" value="Intel64 Family 6 Model 126 Stepping 5, GenuineIntel"/>
    <property name="java.vm.specification.version" value="11"/>
    <property name="M2_HOME" value="C:\Users\akank\Downloads\apache-maven-3.8.4-bin\apache-maven-3.8.4\"/>
    <property name="sun.cpu.endian" value="little"/>
    <property name="sun.os.patch.level" value=""/>
    <property name="OS" value="Windows_NT"/>
    <property name="CI" value="true"/>
    <property name="java.io.tmpdir" value="C:\Users\akank\AppData\Local\Temp\"/>
    <property name="HUDSON_HOME" value="C:\Users\akank\.jenkins"/>
    <property name="PATH+MAVEN" value="C:\Users\akank\Downloads\apache-maven-3.8.4-bin\apache-maven-3.8.4\/bin"/>
    <property name="ProgramFiles(x86)" value="C:\Program Files (x86)"/>
    <property name="java.vendor.url.bug" value="https://bugreport.java.com/bugreport/"/>
    <property name="BUILD_URL" value="http://localhost:8080/job/Guru99_V0001_Cucumber/1/"/>
    <property name="SystemRoot" value="C:\windows"/>
    <property name="os.arch" value="amd64"/>
    <property name="java.awt.graphicsenv" value="sun.awt.Win32GraphicsEnvironment"/>
    <property name="user.dir" value="C:\Users\akank\IdeaProjects\Guru99"/>
    <property name="JOB_URL" value="http://localhost:8080/job/Guru99_V0001_Cucumber/"/>
    <property name="LOGONSERVER" value="\\LAPTOP-P5AND231"/>
    <property name="USERDOMAIN" value="LAPTOP-P5AND231"/>
    <property name="MAVEN_HOME" value="C:\Users\akank\Downloads\apache-maven-3.8.4-bin\apache-maven-3.8.4\"/>
    <property name="line.separator" value="
"/>
    <property name="java.vm.name" value="Java HotSpot(TM) 64-Bit Server VM"/>
    <property name="BUILD_NUMBER" value="1"/>
    <property name="PROCESSOR_REVISION" value="7e05"/>
    <property name="JENKINS_URL" value="http://localhost:8080/"/>
    <property name="ProgramW6432" value="C:\Program Files"/>
    <property name="windir" value="C:\windows"/>
    <property name="=C:" value="C:\Users\akank\Downloads"/>
    <property name="file.encoding" value="Cp1252"/>
    <property name="SystemDrive" value="C:"/>
    <property name="maven3.interceptor" value="C:\Users\akank\.jenkins\plugins\maven-plugin\WEB-INF\lib\maven35-interceptor-1.13.jar"/>
    <property name="WORKSPACE_TMP" value="C:\Users\akank\.jenkins\workspace\Guru99_V0001_Cucumber@tmp"/>
    <property name="WORKSPACE" value="C:\Users\akank\.jenkins\workspace\Guru99_V0001_Cucumber"/>
    <property name="maven3.interceptor.common" value="C:\Users\akank\.jenkins\plugins\maven-plugin\WEB-INF\lib\maven3-interceptor-commons-1.13.jar"/>
    <property name="PSModulePath" value="C:\Program Files\WindowsPowerShell\Modules;C:\windows\system32\WindowsPowerShell\v1.0\Modules"/>
    <property name="java.specification.version" value="11"/>
    <property name="DriverData" value="C:\Windows\System32\Drivers\DriverData"/>
    <property name="java.vendor.version" value="18.9"/>
  </properties>
  <testcase classname="Login functionality" name="Verify Bank Login is working successfully" time="17.411"/>
</testsuite>